# JRE version: Java(TM) SE Runtime Environment (8.0_77-b03) (build 1.8.0_77-b03)
# Java VM: Java HotSpot(TM) Client VM (25.77-b03 mixed mode, sharing windows-x86 )
Heap:
 def new generation   total 5120K, used 512K [0x04800000, 0x04d80000, 0x09d50000)
  eden space 4608K,   0% used [0x04800000, 0x04800000, 0x04c80000)
  from space 512K, 100% used [0x04d00000, 0x04d80000, 0x04d80000)
  to   space 512K,   0% used [0x04c80000, 0x04c80000, 0x04d00000)
 tenured generation   total 12096K, used 12066K [0x09d50000, 0x0a920000, 0x14800000)
   the space 12096K,  99% used [0x09d50000, 0x0a918b38, 0x0a918c00, 0x0a920000)
 Metaspace       used 14420K, capacity 14648K, committed 14720K, reserved 14720K
GC Heap History (10 events):
Event: 3.475 GC heap after
Heap after GC invocations=29 (full 4):
 def new generation   total 5120K, used 0K [0x04800000, 0x04d80000, 0x09d50000)
  eden space 4608K,   0% used [0x04800000, 0x04800000, 0x04c80000)
  from space 512K,   0% used [0x04c80000, 0x04c80000, 0x04d00000)
  to   space 512K,   0% used [0x04d00000, 0x04d00000, 0x04d80000)
 tenured generation   total 11200K, used 6712K [0x09d50000, 0x0a840000, 0x14800000)
   the space 11200K,  59% used [0x09d50000, 0x0a3de288, 0x0a3de400, 0x0a840000)
 Metaspace       used 11332K, capacity 11515K, committed 11648K, reserved 11648K
}
Event: 3.614 GC heap before
{Heap before GC invocations=29 (full 4):
 def new generation   total 5120K, used 4608K [0x04800000, 0x04d80000, 0x09d50000)
  eden space 4608K, 100% used [0x04800000, 0x04c80000, 0x04c80000)
  from space 512K,   0% used [0x04c80000, 0x04c80000, 0x04d00000)
  to   space 512K,   0% used [0x04d00000, 0x04d00000, 0x04d80000)
 tenured generation   total 11200K, used 6712K [0x09d50000, 0x0a840000, 0x14800000)
   the space 11200K,  59% used [0x09d50000, 0x0a3de288, 0x0a3de400, 0x0a840000)
 Metaspace       used 12095K, capacity 12283K, committed 12416K, reserved 12672K
Event: 3.618 GC heap after
Heap after GC invocations=30 (full 4):
 def new generation   total 5120K, used 511K [0x04800000, 0x04d80000, 0x09d50000)
  eden space 4608K,   0% used [0x04800000, 0x04800000, 0x04c80000)
  from space 512K,  99% used [0x04d00000, 0x04d7fff8, 0x04d80000)
  to   space 512K,   0% used [0x04c80000, 0x04c80000, 0x04d00000)
 tenured generation   total 11200K, used 7548K [0x09d50000, 0x0a840000, 0x14800000)
   the space 11200K,  67% used [0x09d50000, 0x0a4af0c0, 0x0a4af200, 0x0a840000)
 Metaspace       used 12095K, capacity 12283K, committed 12416K, reserved 12672K
}
Event: 3.715 GC heap before
{Heap before GC invocations=30 (full 4):
 def new generation   total 5120K, used 4983K [0x04800000, 0x04d80000, 0x09d50000)
  eden space 4608K,  97% used [0x04800000, 0x04c5def0, 0x04c80000)
  from space 512K,  99% used [0x04d00000, 0x04d7fff8, 0x04d80000)
  to   space 512K,   0% used [0x04c80000, 0x04c80000, 0x04d00000)
 tenured generation   total 11200K, used 7548K [0x09d50000, 0x0a840000, 0x14800000)
   the space 11200K,  67% used [0x09d50000, 0x0a4af0c0, 0x0a4af200, 0x0a840000)
 Metaspace       used 12560K, capacity 12731K, committed 12800K, reserved 13696K
Event: 3.721 GC heap after
Heap after GC invocations=31 (full 4):
 def new generation   total 5120K, used 512K [0x04800000, 0x04d80000, 0x09d50000)
  eden space 4608K,   0% used [0x04800000, 0x04800000, 0x04c80000)
  from space 512K, 100% used [0x04c80000, 0x04d00000, 0x04d00000)
  to   space 512K,   0% used [0x04d00000, 0x04d00000, 0x04d80000)
 tenured generation   total 11200K, used 8559K [0x09d50000, 0x0a840000, 0x14800000)
   the space 11200K,  76% used [0x09d50000, 0x0a5abce8, 0x0a5abe00, 0x0a840000)
 Metaspace       used 12560K, capacity 12731K, committed 12800K, reserved 13696K
}
Event: 3.795 GC heap before
{Heap before GC invocations=31 (full 4):
 def new generation   total 5120K, used 5120K [0x04800000, 0x04d80000, 0x09d50000)
  eden space 4608K, 100% used [0x04800000, 0x04c80000, 0x04c80000)
  from space 512K, 100% used [0x04c80000, 0x04d00000, 0x04d00000)
  to   space 512K,   0% used [0x04d00000, 0x04d00000, 0x04d80000)
 tenured generation   total 11200K, used 8559K [0x09d50000, 0x0a840000, 0x14800000)
   the space 11200K,  76% used [0x09d50000, 0x0a5abce8, 0x0a5abe00, 0x0a840000)
 Metaspace       used 13578K, capacity 13755K, committed 13824K, reserved 14720K
Event: 3.798 GC heap after
Heap after GC invocations=32 (full 4):
 def new generation   total 5120K, used 511K [0x04800000, 0x04d80000, 0x09d50000)
  eden space 4608K,   0% used [0x04800000, 0x04800000, 0x04c80000)
  from space 512K,  99% used [0x04d00000, 0x04d7fff8, 0x04d80000)
  to   space 512K,   0% used [0x04c80000, 0x04c80000, 0x04d00000)
 tenured generation   total 11200K, used 9532K [0x09d50000, 0x0a840000, 0x14800000)
   the space 11200K,  85% used [0x09d50000, 0x0a69f360, 0x0a69f400, 0x0a840000)
 Metaspace       used 13578K, capacity 13755K, committed 13824K, reserved 14720K
}
Event: 4.009 GC heap before
{Heap before GC invocations=32 (full 4):
 def new generation   total 5120K, used 5119K [0x04800000, 0x04d80000, 0x09d50000)
  eden space 4608K, 100% used [0x04800000, 0x04c80000, 0x04c80000)
  from space 512K,  99% used [0x04d00000, 0x04d7fff8, 0x04d80000)
  to   space 512K,   0% used [0x04c80000, 0x04c80000, 0x04d00000)
 tenured generation   total 11200K, used 9532K [0x09d50000, 0x0a840000, 0x14800000)
   the space 11200K,  85% used [0x09d50000, 0x0a69f360, 0x0a69f400, 0x0a840000)
 Metaspace       used 14234K, capacity 14440K, committed 14464K, reserved 14720K
Event: 4.014 GC heap after
Heap after GC invocations=33 (full 4):
 def new generation   total 5120K, used 512K [0x04800000, 0x04d80000, 0x09d50000)
  eden space 4608K,   0% used [0x04800000, 0x04800000, 0x04c80000)
  from space 512K, 100% used [0x04c80000, 0x04d00000, 0x04d00000)
  to   space 512K,   0% used [0x04d00000, 0x04d00000, 0x04d80000)
 tenured generation   total 11200K, used 10739K [0x09d50000, 0x0a840000, 0x14800000)
   the space 11200K,  95% used [0x09d50000, 0x0a7ccf18, 0x0a7cd000, 0x0a840000)
 Metaspace       used 14234K, capacity 14440K, committed 14464K, reserved 14720K
}
Event: 4.224 GC heap before
{Heap before GC invocations=33 (full 4):
 def new generation   total 5120K, used 5120K [0x04800000, 0x04d80000, 0x09d50000)
  eden space 4608K, 100% used [0x04800000, 0x04c80000, 0x04c80000)
  from space 512K, 100% used [0x04c80000, 0x04d00000, 0x04d00000)
  to   space 512K,   0% used [0x04d00000, 0x04d00000, 0x04d80000)
 tenured generation   total 11200K, used 10739K [0x09d50000, 0x0a840000, 0x14800000)
   the space 11200K,  95% used [0x09d50000, 0x0a7ccf18, 0x0a7cd000, 0x0a840000)
 Metaspace       used 14420K, capacity 14648K, committed 14720K, reserved 14720K

