# JRE version: Java(TM) SE Runtime Environment (8.0_77-b03) (build 1.8.0_77-b03)
# Java VM: Java HotSpot(TM) Client VM (25.77-b03 mixed mode, sharing windows-x86 )
Heap:
 def new generation   total 8640K, used 1204K [0x04800000, 0x05160000, 0x09d50000)
  eden space 7680K,  11% used [0x04800000, 0x048e6470, 0x04f80000)
  from space 960K,  29% used [0x04f80000, 0x04fc6de8, 0x05070000)
  to   space 960K,   0% used [0x05070000, 0x05070000, 0x05160000)
 tenured generation   total 19080K, used 14231K [0x09d50000, 0x0aff2000, 0x14800000)
   the space 19080K,  74% used [0x09d50000, 0x0ab35f48, 0x0ab36000, 0x0aff2000)
 Metaspace       used 16917K, capacity 17201K, committed 17280K, reserved 17792K
GC Heap History (10 events):
Event: 11.585 GC heap before
{Heap before GC invocations=59 (full 5):
 def new generation   total 8640K, used 7834K [0x04800000, 0x05160000, 0x09d50000)
  eden space 7680K, 100% used [0x04800000, 0x04f80000, 0x04f80000)
  from space 960K,  16% used [0x05070000, 0x05096968, 0x05160000)
  to   space 960K,   0% used [0x04f80000, 0x04f80000, 0x05070000)
 tenured generation   total 19080K, used 13214K [0x09d50000, 0x0aff2000, 0x14800000)
   the space 19080K,  69% used [0x09d50000, 0x0aa37bf8, 0x0aa37c00, 0x0aff2000)
 Metaspace       used 16877K, capacity 17152K, committed 17152K, reserved 17792K
Event: 11.588 GC heap after
Heap after GC invocations=60 (full 5):
 def new generation   total 8640K, used 149K [0x04800000, 0x05160000, 0x09d50000)
  eden space 7680K,   0% used [0x04800000, 0x04800000, 0x04f80000)
  from space 960K,  15% used [0x04f80000, 0x04fa56d8, 0x05070000)
  to   space 960K,   0% used [0x05070000, 0x05070000, 0x05160000)
 tenured generation   total 19080K, used 13214K [0x09d50000, 0x0aff2000, 0x14800000)
   the space 19080K,  69% used [0x09d50000, 0x0aa37bf8, 0x0aa37c00, 0x0aff2000)
 Metaspace       used 16877K, capacity 17152K, committed 17152K, reserved 17792K
}
Event: 11.808 GC heap before
{Heap before GC invocations=60 (full 5):
 def new generation   total 8640K, used 7829K [0x04800000, 0x05160000, 0x09d50000)
  eden space 7680K, 100% used [0x04800000, 0x04f80000, 0x04f80000)
  from space 960K,  15% used [0x04f80000, 0x04fa56d8, 0x05070000)
  to   space 960K,   0% used [0x05070000, 0x05070000, 0x05160000)
 tenured generation   total 19080K, used 13214K [0x09d50000, 0x0aff2000, 0x14800000)
   the space 19080K,  69% used [0x09d50000, 0x0aa37bf8, 0x0aa37c00, 0x0aff2000)
 Metaspace       used 16912K, capacity 17169K, committed 17280K, reserved 17792K
Event: 11.814 GC heap after
Heap after GC invocations=61 (full 5):
 def new generation   total 8640K, used 102K [0x04800000, 0x05160000, 0x09d50000)
  eden space 7680K,   0% used [0x04800000, 0x04800000, 0x04f80000)
  from space 960K,  10% used [0x05070000, 0x05089af0, 0x05160000)
  to   space 960K,   0% used [0x04f80000, 0x04f80000, 0x05070000)
 tenured generation   total 19080K, used 13214K [0x09d50000, 0x0aff2000, 0x14800000)
   the space 19080K,  69% used [0x09d50000, 0x0aa37bf8, 0x0aa37c00, 0x0aff2000)
 Metaspace       used 16912K, capacity 17169K, committed 17280K, reserved 17792K
}
Event: 12.289 GC heap before
{Heap before GC invocations=61 (full 5):
 def new generation   total 8640K, used 7782K [0x04800000, 0x05160000, 0x09d50000)
  eden space 7680K, 100% used [0x04800000, 0x04f80000, 0x04f80000)
  from space 960K,  10% used [0x05070000, 0x05089af0, 0x05160000)
  to   space 960K,   0% used [0x04f80000, 0x04f80000, 0x05070000)
 tenured generation   total 19080K, used 13214K [0x09d50000, 0x0aff2000, 0x14800000)
   the space 19080K,  69% used [0x09d50000, 0x0aa37bf8, 0x0aa37c00, 0x0aff2000)
 Metaspace       used 16916K, capacity 17169K, committed 17280K, reserved 17792K
Event: 12.301 GC heap after
Heap after GC invocations=62 (full 5):
 def new generation   total 8640K, used 960K [0x04800000, 0x05160000, 0x09d50000)
  eden space 7680K,   0% used [0x04800000, 0x04800000, 0x04f80000)
  from space 960K, 100% used [0x04f80000, 0x05070000, 0x05070000)
  to   space 960K,   0% used [0x05070000, 0x05070000, 0x05160000)
 tenured generation   total 19080K, used 13276K [0x09d50000, 0x0aff2000, 0x14800000)
   the space 19080K,  69% used [0x09d50000, 0x0aa47250, 0x0aa47400, 0x0aff2000)
 Metaspace       used 16916K, capacity 17169K, committed 17280K, reserved 17792K
}
Event: 12.387 GC heap before
{Heap before GC invocations=62 (full 5):
 def new generation   total 8640K, used 8640K [0x04800000, 0x05160000, 0x09d50000)
  eden space 7680K, 100% used [0x04800000, 0x04f80000, 0x04f80000)
  from space 960K, 100% used [0x04f80000, 0x05070000, 0x05070000)
  to   space 960K,   0% used [0x05070000, 0x05070000, 0x05160000)
 tenured generation   total 19080K, used 13276K [0x09d50000, 0x0aff2000, 0x14800000)
   the space 19080K,  69% used [0x09d50000, 0x0aa47250, 0x0aa47400, 0x0aff2000)
 Metaspace       used 16916K, capacity 17169K, committed 17280K, reserved 17792K
Event: 12.399 GC heap after
Heap after GC invocations=63 (full 5):
 def new generation   total 8640K, used 305K [0x04800000, 0x05160000, 0x09d50000)
  eden space 7680K,   0% used [0x04800000, 0x04800000, 0x04f80000)
  from space 960K,  31% used [0x05070000, 0x050bc4c8, 0x05160000)
  to   space 960K,   0% used [0x04f80000, 0x04f80000, 0x05070000)
 tenured generation   total 19080K, used 14231K [0x09d50000, 0x0aff2000, 0x14800000)
   the space 19080K,  74% used [0x09d50000, 0x0ab35f48, 0x0ab36000, 0x0aff2000)
 Metaspace       used 16916K, capacity 17169K, committed 17280K, reserved 17792K
}
Event: 12.477 GC heap before
{Heap before GC invocations=63 (full 5):
 def new generation   total 8640K, used 7985K [0x04800000, 0x05160000, 0x09d50000)
  eden space 7680K, 100% used [0x04800000, 0x04f80000, 0x04f80000)
  from space 960K,  31% used [0x05070000, 0x050bc4c8, 0x05160000)
  to   space 960K,   0% used [0x04f80000, 0x04f80000, 0x05070000)
 tenured generation   total 19080K, used 14231K [0x09d50000, 0x0aff2000, 0x14800000)
   the space 19080K,  74% used [0x09d50000, 0x0ab35f48, 0x0ab36000, 0x0aff2000)
 Metaspace       used 16917K, capacity 17201K, committed 17280K, reserved 17792K
Event: 12.482 GC heap after
Heap after GC invocations=64 (full 5):
 def new generation   total 8640K, used 283K [0x04800000, 0x05160000, 0x09d50000)
  eden space 7680K,   0% used [0x04800000, 0x04800000, 0x04f80000)
  from space 960K,  29% used [0x04f80000, 0x04fc6de8, 0x05070000)
  to   space 960K,   0% used [0x05070000, 0x05070000, 0x05160000)
 tenured generation   total 19080K, used 14231K [0x09d50000, 0x0aff2000, 0x14800000)
   the space 19080K,  74% used [0x09d50000, 0x0ab35f48, 0x0ab36000, 0x0aff2000)
 Metaspace       used 16917K, capacity 17201K, committed 17280K, reserved 17792K
}

